<?xml version="1.0" encoding="UTF-8"?>
<!-- Generated by org.testng.reporters.JUnitReportReporter -->
<testsuite hostname="DESKTOP-B3U7QCM" failures="0" tests="2" name="finaldemo.LoginTestCase" time="7.493" errors="0" timestamp="2022-01-18T11:45:49 IST" skipped="0">
  <testcase classname="finaldemo.LoginTestCase" name="launch" time="3.106"/>
  <system-out/>
  <testcase classname="finaldemo.LoginTestCase" name="launch" time="4.387"/>
  <system-out/>
</testsuite> <!-- finaldemo.LoginTestCase -->
